<?xml version="1.0" encoding="UTF-8"?>
<!-- Generated by org.testng.reporters.JUnitReportReporter -->
<testsuite hostname="Witch-Babe" failures="0" tests="1" name="com.google.GoogleTest" time="34.126" errors="1" timestamp="05 jun. 2021 13:48:23 GMT" skipped="0">
  <testcase classname="com.google.GoogleTest" name="f" time="34.126">
    <error message="session not created: This version of ChromeDriver only supports Chrome version 86
Current browser version is 91.0.4472.77 with binary path C:\Program Files (x86)\Google\Chrome\Application\chrome.exe
Build info: version: &#039;3.141.59&#039;, revision: &#039;e82be7d358&#039;, time: &#039;2018-11-14T08:17:03&#039;
System info: host: &#039;WITCH-BABE&#039;, ip: &#039;192.168.100.5&#039;, os.name: &#039;Windows 10&#039;, os.arch: &#039;amd64&#039;, os.version: &#039;10.0&#039;, java.version: &#039;14&#039;
Driver info: driver.version: ChromeDriver
remote stacktrace: Backtrace:
	Ordinal0 [0x003BC013+3194899]
	Ordinal0 [0x002A6021+2056225]
	Ordinal0 [0x0013F608+587272]
	Ordinal0 [0x000C1BF3+72691]
	Ordinal0 [0x000BE229+57897]
	Ordinal0 [0x000BC64A+50762]
	Ordinal0 [0x000E1EE9+204521]
	Ordinal0 [0x000E1D0D+204045]
	Ordinal0 [0x000DFC1B+195611]
	Ordinal0 [0x000C3B7F+80767]
	Ordinal0 [0x000C4B4E+84814]
	Ordinal0 [0x000C4AD9+84697]
	Ordinal0 [0x002BCE64+2149988]
	GetHandleVerifier [0x0052BE95+1400773]
	GetHandleVerifier [0x0052BB61+1399953]
	GetHandleVerifier [0x005331FA+1430314]
	GetHandleVerifier [0x0052C69F+1402831]
	Ordinal0 [0x002B3D61+2112865]
	Ordinal0 [0x002BE5CB+2155979]
	Ordinal0 [0x002BE6F5+2156277]
	Ordinal0 [0x002CF26E+2224750]
	BaseThreadInitThunk [0x75D36359+25]
	RtlGetAppContainerNamedObjectPath [0x77D28944+228]
	RtlGetAppContainerNamedObjectPath [0x77D28914+180]
	(No symbol) [0x00000000]
" type="org.openqa.selenium.SessionNotCreatedException">
      <![CDATA[org.openqa.selenium.SessionNotCreatedException: session not created: This version of ChromeDriver only supports Chrome version 86
Current browser version is 91.0.4472.77 with binary path C:\Program Files (x86)\Google\Chrome\Application\chrome.exe
Build info: version: '3.141.59', revision: 'e82be7d358', time: '2018-11-14T08:17:03'
System info: host: 'WITCH-BABE', ip: '192.168.100.5', os.name: 'Windows 10', os.arch: 'amd64', os.version: '10.0', java.version: '14'
Driver info: driver.version: ChromeDriver
remote stacktrace: Backtrace:
Ordinal0 [0x003BC013+3194899]
Ordinal0 [0x002A6021+2056225]
Ordinal0 [0x0013F608+587272]
Ordinal0 [0x000C1BF3+72691]
Ordinal0 [0x000BE229+57897]
Ordinal0 [0x000BC64A+50762]
Ordinal0 [0x000E1EE9+204521]
Ordinal0 [0x000E1D0D+204045]
Ordinal0 [0x000DFC1B+195611]
Ordinal0 [0x000C3B7F+80767]
Ordinal0 [0x000C4B4E+84814]
Ordinal0 [0x000C4AD9+84697]
Ordinal0 [0x002BCE64+2149988]
GetHandleVerifier [0x0052BE95+1400773]
GetHandleVerifier [0x0052BB61+1399953]
GetHandleVerifier [0x005331FA+1430314]
GetHandleVerifier [0x0052C69F+1402831]
Ordinal0 [0x002B3D61+2112865]
Ordinal0 [0x002BE5CB+2155979]
Ordinal0 [0x002BE6F5+2156277]
Ordinal0 [0x002CF26E+2224750]
BaseThreadInitThunk [0x75D36359+25]
RtlGetAppContainerNamedObjectPath [0x77D28944+228]
RtlGetAppContainerNamedObjectPath [0x77D28914+180]
(No symbol) [0x00000000]

at java.base/jdk.internal.reflect.NativeConstructorAccessorImpl.newInstance0(Native Method)
at java.base/jdk.internal.reflect.NativeConstructorAccessorImpl.newInstance(NativeConstructorAccessorImpl.java:62)
at java.base/jdk.internal.reflect.DelegatingConstructorAccessorImpl.newInstance(DelegatingConstructorAccessorImpl.java:45)
at java.base/java.lang.reflect.Constructor.newInstanceWithCaller(Constructor.java:500)
at java.base/java.lang.reflect.Constructor.newInstance(Constructor.java:481)
at org.openqa.selenium.remote.W3CHandshakeResponse.lambda$errorHandler$0(W3CHandshakeResponse.java:62)
at org.openqa.selenium.remote.HandshakeResponse.lambda$getResponseFunction$0(HandshakeResponse.java:30)
at org.openqa.selenium.remote.ProtocolHandshake.lambda$createSession$0(ProtocolHandshake.java:126)
at java.base/java.util.stream.ReferencePipeline$3$1.accept(ReferencePipeline.java:195)
at java.base/java.util.Spliterators$ArraySpliterator.tryAdvance(Spliterators.java:958)
at java.base/java.util.stream.ReferencePipeline.forEachWithCancel(ReferencePipeline.java:127)
at java.base/java.util.stream.AbstractPipeline.copyIntoWithCancel(AbstractPipeline.java:502)
at java.base/java.util.stream.AbstractPipeline.copyInto(AbstractPipeline.java:488)
at java.base/java.util.stream.AbstractPipeline.wrapAndCopyInto(AbstractPipeline.java:474)
at java.base/java.util.stream.FindOps$FindOp.evaluateSequential(FindOps.java:150)
at java.base/java.util.stream.AbstractPipeline.evaluate(AbstractPipeline.java:234)
at java.base/java.util.stream.ReferencePipeline.findFirst(ReferencePipeline.java:543)
at org.openqa.selenium.remote.ProtocolHandshake.createSession(ProtocolHandshake.java:128)
at org.openqa.selenium.remote.ProtocolHandshake.createSession(ProtocolHandshake.java:74)
at org.openqa.selenium.remote.HttpCommandExecutor.execute(HttpCommandExecutor.java:136)
at org.openqa.selenium.remote.service.DriverCommandExecutor.execute(DriverCommandExecutor.java:83)
at org.openqa.selenium.remote.RemoteWebDriver.execute(RemoteWebDriver.java:552)
at org.openqa.selenium.remote.RemoteWebDriver.startSession(RemoteWebDriver.java:213)
at org.openqa.selenium.remote.RemoteWebDriver.<init>(RemoteWebDriver.java:131)
at org.openqa.selenium.chrome.ChromeDriver.<init>(ChromeDriver.java:181)
at org.openqa.selenium.chrome.ChromeDriver.<init>(ChromeDriver.java:168)
at org.openqa.selenium.chrome.ChromeDriver.<init>(ChromeDriver.java:123)
at com.google.GoogleTest.f(GoogleTest.java:14)
at java.base/jdk.internal.reflect.NativeMethodAccessorImpl.invoke0(Native Method)
at java.base/jdk.internal.reflect.NativeMethodAccessorImpl.invoke(NativeMethodAccessorImpl.java:62)
at java.base/jdk.internal.reflect.DelegatingMethodAccessorImpl.invoke(DelegatingMethodAccessorImpl.java:43)
at java.base/java.lang.reflect.Method.invoke(Method.java:564)
at org.testng.internal.MethodInvocationHelper.invokeMethod(MethodInvocationHelper.java:124)
at org.testng.internal.Invoker.invokeMethod(Invoker.java:583)
at org.testng.internal.Invoker.invokeTestMethod(Invoker.java:719)
at org.testng.internal.Invoker.invokeTestMethods(Invoker.java:989)
at org.testng.internal.TestMethodWorker.invokeTestMethods(TestMethodWorker.java:125)
at org.testng.internal.TestMethodWorker.run(TestMethodWorker.java:109)
at org.testng.TestRunner.privateRun(TestRunner.java:648)
at org.testng.TestRunner.run(TestRunner.java:505)
at org.testng.SuiteRunner.runTest(SuiteRunner.java:455)
at org.testng.SuiteRunner.runSequentially(SuiteRunner.java:450)
at org.testng.SuiteRunner.privateRun(SuiteRunner.java:415)
at org.testng.SuiteRunner.run(SuiteRunner.java:364)
at org.testng.SuiteRunnerWorker.runSuite(SuiteRunnerWorker.java:52)
at org.testng.SuiteRunnerWorker.run(SuiteRunnerWorker.java:84)
at org.testng.TestNG.runSuitesSequentially(TestNG.java:1208)
at org.testng.TestNG.runSuitesLocally(TestNG.java:1137)
at org.testng.TestNG.runSuites(TestNG.java:1049)
at org.testng.TestNG.run(TestNG.java:1017)
at org.testng.remote.AbstractRemoteTestNG.run(AbstractRemoteTestNG.java:115)
at org.testng.remote.RemoteTestNG.initAndRun(RemoteTestNG.java:251)
at org.testng.remote.RemoteTestNG.main(RemoteTestNG.java:77)
]]>
    </error>
  </testcase> <!-- f -->
</testsuite> <!-- com.google.GoogleTest -->
